lib/build/outputs/logs/manifest-merger-debug-report.txt
-- Merging decision tree log ---
manifest
ADDED from src\main\AndroidManifest.xml:2:1-13:12
INJECTED from src\main\AndroidManifest.xml:2:1-13:12
INJECTED from src\main\AndroidManifest.xml:2:1-13:12
INJECTED from src\main\AndroidManifest.xml:2:1-13:12
INJECTED from src\main\AndroidManifest.xml:2:1-13:12
INJECTED from src\main\AndroidManifest.xml:2:1-13:12
INJECTED from src\main\AndroidManifest.xml:2:1-13:12
	package
		ADDED from src\main\AndroidManifest.xml:4:1-43
		INJECTED from src\main\AndroidManifest.xml
		INJECTED from src\main\AndroidManifest.xml
	android:versionName
		INJECTED from src\main\AndroidManifest.xml
		ADDED from src\main\AndroidManifest.xml:2:1-13:12
		INJECTED from src\main\AndroidManifest.xml
	android:versionCode
		INJECTED from src\main\AndroidManifest.xml
		ADDED from src\main\AndroidManifest.xml:2:1-13:12
		INJECTED from src\main\AndroidManifest.xml
	xmlns:android
		ADDED from src\main\AndroidManifest.xml:3:1-59
application
ADDED from src\main\AndroidManifest.xml:6:1-11:15
	android:label
		ADDED from src\main\AndroidManifest.xml:6:14-46
activity#cafe.adriel.androidaudiorecorder.AudioRecorderActivity
ADDED from src\main\AndroidManifest.xml:7:5-10:47
	android:screenOrientation
		ADDED from src\main\AndroidManifest.xml:10:9-45
	android:theme
		ADDED from src\main\AndroidManifest.xml:9:9-47
	android:name
		ADDED from src\main\AndroidManifest.xml:8:9-46
uses-sdk
INJECTED from src\main\AndroidManifest.xml reason: use-sdk injection requested
INJECTED from src\main\AndroidManifest.xml
INJECTED from src\main\AndroidManifest.xml
INJECTED from src\main\AndroidManifest.xml
INJECTED from src\main\AndroidManifest.xml
	android:targetSdkVersion
		INJECTED from src\main\AndroidManifest.xml
		ADDED from src\main\AndroidManifest.xml
		INJECTED from src\main\AndroidManifest.xml
	android:minSdkVersion
		INJECTED from src\main\AndroidManifest.xml
		ADDED from src\main\AndroidManifest.xml
		INJECTED from src\main\AndroidManifest.xml